d:\214 - advanced technology\dicom\src\module_sample\c++_dicom_module.lib
d:\214 - advanced technology\dicom\src\module_sample\c++_dicom_module.exp
d:\214 - advanced technology\dicom\src\dcmtk_sample\c++_dicom_module\c++_dicom_module\x64\release\vc140.pdb
d:\214 - advanced technology\dicom\src\dcmtk_sample\c++_dicom_module\c++_dicom_module\x64\release\stdafx.obj
d:\214 - advanced technology\dicom\src\dcmtk_sample\c++_dicom_module\c++_dicom_module\x64\release\dicomutils.obj
d:\214 - advanced technology\dicom\src\dcmtk_sample\c++_dicom_module\c++_dicom_module\x64\release\dicomprocessor.obj
d:\214 - advanced technology\dicom\src\dcmtk_sample\c++_dicom_module\c++_dicom_module\x64\release\dicomfactory.obj
d:\214 - advanced technology\dicom\src\dcmtk_sample\c++_dicom_module\c++_dicom_module\x64\release\c++_dicom_module.obj
d:\214 - advanced technology\dicom\src\dcmtk_sample\c++_dicom_module\c++_dicom_module\x64\release\dllmain.obj
d:\214 - advanced technology\dicom\src\module_sample\c++_dicom_module.dll
d:\214 - advanced technology\dicom\src\module_sample\c++_dicom_module.ipdb
d:\214 - advanced technology\dicom\src\module_sample\c++_dicom_module.iobj
d:\214 - advanced technology\dicom\src\module_sample\c++_dicom_module.pdb
d:\214 - advanced technology\dicom\src\dcmtk_sample\c++_dicom_module\c++_dicom_module\..\..\..\module_sample\c++_dicom_module.dll
d:\214 - advanced technology\dicom\src\dcmtk_sample\c++_dicom_module\c++_dicom_module\x64\release\c++_dicom_module.tlog\c++_dicom_module.write.1u.tlog
d:\214 - advanced technology\dicom\src\dcmtk_sample\c++_dicom_module\c++_dicom_module\x64\release\c++_dicom_module.tlog\cl.command.1.tlog
d:\214 - advanced technology\dicom\src\dcmtk_sample\c++_dicom_module\c++_dicom_module\x64\release\c++_dicom_module.tlog\cl.read.1.tlog
d:\214 - advanced technology\dicom\src\dcmtk_sample\c++_dicom_module\c++_dicom_module\x64\release\c++_dicom_module.tlog\cl.write.1.tlog
d:\214 - advanced technology\dicom\src\dcmtk_sample\c++_dicom_module\c++_dicom_module\x64\release\c++_dicom_module.tlog\link.command.1.tlog
d:\214 - advanced technology\dicom\src\dcmtk_sample\c++_dicom_module\c++_dicom_module\x64\release\c++_dicom_module.tlog\link.read.1.tlog
d:\214 - advanced technology\dicom\src\dcmtk_sample\c++_dicom_module\c++_dicom_module\x64\release\c++_dicom_module.tlog\link.write.1.tlog
